<?xml version="1.0" encoding="UTF-8"?>
<!-- Generated by org.testng.reporters.JUnitReportReporter -->
<testsuite hostname="LAPTOP-ED3B4Q90" failures="0" tests="1" name="tests.rest.TC002_CreateIncident2" time="6.666" errors="0" timestamp="2023-02-26T08:09:33 IST" skipped="0">
  <testcase classname="tests.rest.TC002_CreateIncident2" name="createIncident" time="6.666"/>
  <system-out/>
</testsuite> <!-- tests.rest.TC002_CreateIncident2 -->
