<?xml version="1.0" encoding="UTF-8"?>
<!-- Generated by org.testng.reporters.JUnitReportReporter -->
<testsuite hostname="DESKTOP-JQJ5R9C" failures="0" tests="2" name="test.bank.TestUIBank" time="6.608" errors="0" timestamp="2023-06-13T22:12:02 IST" skipped="0">
  <testcase classname="test.bank.TestUIBank" name="createAccount" time="2.239"/>
  <system-out/>
  <testcase classname="test.bank.TestUIBank" name="applyLoan" time="4.369"/>
  <system-out/>
</testsuite> <!-- test.bank.TestUIBank -->
