<?xml version="1.0" encoding="UTF-8"?>
<!-- Generated by org.testng.reporters.JUnitReportReporter -->
<testsuite hostname="DESKTOP-JQJ5R9C" failures="0" tests="1" name="ui.bank.TestUIBank" time="5.180" errors="0" timestamp="2023-04-30T11:09:25 IST" skipped="0">
  <testcase classname="ui.bank.TestUIBank" name="createAccount" time="5.180"/>
  <system-out/>
</testsuite> <!-- ui.bank.TestUIBank -->
