<?xml version="1.0" encoding="UTF-8"?>
<!-- Generated by org.testng.reporters.JUnitReportReporter -->
<testsuite hostname="LAPTOP-ED3B4Q90" failures="0" tests="1" name="tests.rest.TC003_CreateChangeRequest" time="4.365" errors="0" timestamp="2023-02-26T08:43:17 IST" skipped="0">
  <testcase classname="tests.rest.TC003_CreateChangeRequest" name="createCR" time="4.365"/>
  <system-out/>
</testsuite> <!-- tests.rest.TC003_CreateChangeRequest -->
